[0m14:38:24.077166 [debug] [MainThread]: Sending event: {'category': 'dbt', 'action': 'invocation', 'label': 'start', 'context': [<snowplow_tracker.self_describing_json.SelfDescribingJson object at 0x1068fdb50>, <snowplow_tracker.self_describing_json.SelfDescribingJson object at 0x106955310>, <snowplow_tracker.self_describing_json.SelfDescribingJson object at 0x105ac7310>]}


============================== 14:38:24.079831 | 68b40c10-cf32-48fc-959a-aa893c775e7c ==============================
[0m14:38:24.079831 [info ] [MainThread]: Running with dbt=1.8.2
[0m14:38:24.080134 [debug] [MainThread]: running dbt with arguments {'printer_width': '80', 'indirect_selection': 'eager', 'write_json': 'True', 'log_cache_events': 'False', 'partial_parse': 'True', 'cache_selected_only': 'False', 'warn_error': 'None', 'fail_fast': 'False', 'profiles_dir': '/Users/thinhha/.dbt', 'log_path': 'logs', 'debug': 'False', 'version_check': 'True', 'use_colors': 'True', 'use_experimental_parser': 'False', 'no_print': 'None', 'quiet': 'False', 'warn_error_options': 'WarnErrorOptions(include=[], exclude=[])', 'invocation_command': 'dbt init', 'introspect': 'True', 'static_parser': 'True', 'target_path': 'None', 'log_format': 'default', 'send_anonymous_usage_stats': 'True'}
[0m14:38:24.086630 [warn ] [MainThread]: [ConfigFolderDirectory]: Unable to parse dict {'dir': PosixPath('/Users/thinhha/.dbt')}
[0m14:38:24.086850 [info ] [MainThread]: Creating dbt configuration folder at 
[0m14:38:43.963626 [debug] [MainThread]: Starter project path: /Library/Frameworks/Python.framework/Versions/3.11/lib/python3.11/site-packages/dbt/include/starter_project
[0m14:38:43.973557 [info ] [MainThread]: 
Your new dbt project "VGSales_DE_Project" was created!

For more information on how to configure the profiles.yml file,
please consult the dbt documentation here:

  https://docs.getdbt.com/docs/configure-your-profile

One more thing:

Need help? Don't hesitate to reach out to us via GitHub issues or on Slack:

  https://community.getdbt.com/

Happy modeling!

[0m14:38:43.973982 [info ] [MainThread]: Setting up your profile.
[0m14:40:49.927486 [info ] [MainThread]: Profile VGSales_DE_Project written to /Users/thinhha/.dbt/profiles.yml using target's profile_template.yml and your supplied values. Run 'dbt debug' to validate the connection.
[0m14:40:50.013317 [debug] [MainThread]: Resource report: {"command_name": "init", "command_success": true, "command_wall_clock_time": 145.97551, "process_user_time": 2.82725, "process_kernel_time": 0.405149, "process_mem_max_rss": "190480384", "process_in_blocks": "0", "process_out_blocks": "0"}
[0m14:40:50.014091 [debug] [MainThread]: Command `dbt init` succeeded at 14:40:50.013992 after 145.98 seconds
[0m14:40:50.014627 [debug] [MainThread]: Sending event: {'category': 'dbt', 'action': 'invocation', 'label': 'end', 'context': [<snowplow_tracker.self_describing_json.SelfDescribingJson object at 0x106956d90>, <snowplow_tracker.self_describing_json.SelfDescribingJson object at 0x1252649d0>, <snowplow_tracker.self_describing_json.SelfDescribingJson object at 0x100e2ead0>]}
[0m14:40:50.015189 [debug] [MainThread]: Flushing usage events
